<?xml version="1.0" encoding="UTF-8"?>
<!-- Generated by org.testng.reporters.JUnitReportReporter -->
<testsuite hostname="HW0332" name="com.cigniti.heartLandDemo.AddUser" tests="1" failures="0" timestamp="19 Mar 2013 17:06:08 GMT" time="45.135" errors="0">
  <testcase name="Add_User" time="45.135" classname="com.cigniti.heartLandDemo.AddUser"/>
</testsuite> <!-- com.cigniti.heartLandDemo.AddUser -->
