<?xml version="1.0" encoding="UTF-8"?>
<!-- Generated by org.testng.reporters.JUnitReportReporter -->
<testsuite hostname="INA330TJHT" name="com.cigniti.heartLandDemo.CreditSale" tests="1" failures="0" timestamp="4 Sep 2013 09:49:42 GMT" time="90.995" errors="0">
  <testcase name="testCredit_Sale" time="90.995" classname="com.cigniti.heartLandDemo.CreditSale"/>
</testsuite> <!-- com.cigniti.heartLandDemo.CreditSale -->
