<?xml version="1.0" encoding="UTF-8"?>
<!-- Generated by org.testng.reporters.JUnitReportReporter -->
<testsuite hostname="HW0332" name="com.cigniti.heartLandDemo.Demoscenario2" tests="1" failures="0" timestamp="13 Mar 2013 05:27:33 GMT" time="84.716" errors="0">
  <testcase name="testCredit_Sale" time="84.716" classname="com.cigniti.heartLandDemo.Demoscenario2"/>
</testsuite> <!-- com.cigniti.heartLandDemo.Demoscenario2 -->
