<?xml version="1.0" encoding="UTF-8"?>
<!-- Generated by org.testng.reporters.JUnitReportReporter -->
<testsuite hostname="HW0337" name="com.cigniti.heartLandDemo.AddDeleteUser" tests="1" failures="0" timestamp="29 Aug 2013 10:03:06 GMT" time="85.541" errors="0">
  <testcase name="Add_User" time="85.541" classname="com.cigniti.heartLandDemo.AddDeleteUser"/>
</testsuite> <!-- com.cigniti.heartLandDemo.AddDeleteUser -->
