<?xml version="1.0" encoding="UTF-8"?>
<!-- Generated by org.testng.reporters.JUnitReportReporter -->
<testsuite hostname="INA330TJHT" name="com.cigniti.dragondemo.scenario1" tests="1" failures="0" timestamp="4 Sep 2013 14:12:13 GMT" time="106.815" errors="0">
  <testcase name="testscenario1" time="106.815" classname="com.cigniti.dragondemo.scenario1"/>
</testsuite> <!-- com.cigniti.dragondemo.scenario1 -->
