<?xml version="1.0" encoding="UTF-8"?>
<!-- Generated by org.testng.reporters.JUnitReportReporter -->
<testsuite hostname="HW0554" name="com.cigniti.heartLandDemo.RefundMotoEcommerce" tests="1" failures="0" timestamp="28 Aug 2013 13:23:05 GMT" time="119.138" errors="0">
  <testcase name="Refund_Scenario" time="119.138" classname="com.cigniti.heartLandDemo.RefundMotoEcommerce"/>
</testsuite> <!-- com.cigniti.heartLandDemo.RefundMotoEcommerce -->
