<?xml version="1.0" encoding="UTF-8"?>
<!-- Generated by org.testng.reporters.JUnitReportReporter -->
<testsuite hostname="TX-D-Raju" name="com.cigniti.dragondemo.BuildHomeWhenConInProgress" tests="1" failures="0" timestamp="5 Sep 2013 13:44:24 GMT" time="38.141" errors="0">
  <testcase name="testscenario1" time="38.141" classname="com.cigniti.dragondemo.BuildHomeWhenConInProgress"/>
</testsuite> <!-- com.cigniti.dragondemo.BuildHomeWhenConInProgress -->
