<?xml version="1.0" encoding="UTF-8"?>
<!-- Generated by org.testng.reporters.JUnitReportReporter -->
<testsuite hostname="TX-D-Raju" name="com.cigniti.dragondemo.BuildHome" tests="1" failures="0" timestamp="5 Sep 2013 12:57:17 GMT" time="126.907" errors="0">
  <testcase name="testscenario1" time="126.907" classname="com.cigniti.dragondemo.BuildHome"/>
</testsuite> <!-- com.cigniti.dragondemo.BuildHome -->
