<?xml version="1.0" encoding="UTF-8"?>
<!-- Generated by org.testng.reporters.JUnitReportReporter -->
<testsuite hostname="TX-D-Raju" name="com.cigniti.dragondemo.RotateTheDragonBySwipe" tests="1" failures="0" timestamp="5 Sep 2013 12:20:46 GMT" time="17.125" errors="0">
  <testcase name="testscenario1" time="17.125" classname="com.cigniti.dragondemo.RotateTheDragonBySwipe"/>
</testsuite> <!-- com.cigniti.dragondemo.RotateTheDragonBySwipe -->
