<?xml version="1.0" encoding="UTF-8"?>
<!-- Generated by org.testng.reporters.JUnitReportReporter -->
<testsuite hostname="HW0332" name="com.cigniti.heartLandDemo.RefundScenario" tests="1" failures="0" timestamp="19 Mar 2013 17:13:32 GMT" time="129.578" errors="0">
  <testcase name="Refund_Scenario" time="129.578" classname="com.cigniti.heartLandDemo.RefundScenario"/>
</testsuite> <!-- com.cigniti.heartLandDemo.RefundScenario -->
